C:\Users\Utilisateur\Documents\Visual Studio 2010\Projects\PilotageBancaire\Computations\Debug\cl.command.1.tlog
C:\Users\Utilisateur\Documents\Visual Studio 2010\Projects\PilotageBancaire\Computations\Debug\CL.read.1.tlog
C:\Users\Utilisateur\Documents\Visual Studio 2010\Projects\PilotageBancaire\Computations\Debug\CL.write.1.tlog
C:\USERS\UTILISATEUR\DOCUMENTS\VISUAL STUDIO 2010\PROJECTS\PILOTAGEBANCAIRE\COMPUTATIONS\DEBUG\COMPUTATIONS.DLL.EMBED.MANIFEST
C:\USERS\UTILISATEUR\DOCUMENTS\VISUAL STUDIO 2010\PROJECTS\PILOTAGEBANCAIRE\COMPUTATIONS\DEBUG\COMPUTATIONS.DLL.EMBED.MANIFEST.RES
C:\USERS\UTILISATEUR\DOCUMENTS\VISUAL STUDIO 2010\PROJECTS\PILOTAGEBANCAIRE\COMPUTATIONS\DEBUG\COMPUTATIONS.DLL.INTERMEDIATE.MANIFEST
C:\USERS\UTILISATEUR\DOCUMENTS\VISUAL STUDIO 2010\PROJECTS\PILOTAGEBANCAIRE\COMPUTATIONS\DEBUG\COMPUTATIONS.OBJ
C:\Users\Utilisateur\Documents\Visual Studio 2010\Projects\PilotageBancaire\Computations\Debug\Computations.write.1.tlog
C:\Users\Utilisateur\Documents\Visual Studio 2010\Projects\PilotageBancaire\Computations\Debug\Computations_manifest.rc
C:\Users\Utilisateur\Documents\Visual Studio 2010\Projects\PilotageBancaire\Computations\Debug\link.11648.read.1.tlog
C:\Users\Utilisateur\Documents\Visual Studio 2010\Projects\PilotageBancaire\Computations\Debug\link.11648.write.1.tlog
C:\Users\Utilisateur\Documents\Visual Studio 2010\Projects\PilotageBancaire\Computations\Debug\link.11648-cvtres.read.1.tlog
C:\Users\Utilisateur\Documents\Visual Studio 2010\Projects\PilotageBancaire\Computations\Debug\link.11648-cvtres.write.1.tlog
C:\Users\Utilisateur\Documents\Visual Studio 2010\Projects\PilotageBancaire\Computations\Debug\link.command.1.tlog
C:\Users\Utilisateur\Documents\Visual Studio 2010\Projects\PilotageBancaire\Computations\Debug\link.read.1.tlog
C:\Users\Utilisateur\Documents\Visual Studio 2010\Projects\PilotageBancaire\Computations\Debug\link.write.1.tlog
C:\Users\Utilisateur\Documents\Visual Studio 2010\Projects\PilotageBancaire\Computations\Debug\link-cvtres.read.1.tlog
C:\Users\Utilisateur\Documents\Visual Studio 2010\Projects\PilotageBancaire\Computations\Debug\link-cvtres.write.1.tlog
C:\Users\Utilisateur\Documents\Visual Studio 2010\Projects\PilotageBancaire\Computations\Debug\mt.command.1.tlog
C:\Users\Utilisateur\Documents\Visual Studio 2010\Projects\PilotageBancaire\Computations\Debug\mt.read.1.tlog
C:\Users\Utilisateur\Documents\Visual Studio 2010\Projects\PilotageBancaire\Computations\Debug\mt.write.1.tlog
C:\Users\Utilisateur\Documents\Visual Studio 2010\Projects\PilotageBancaire\Computations\Debug\rc.command.1.tlog
C:\Users\Utilisateur\Documents\Visual Studio 2010\Projects\PilotageBancaire\Computations\Debug\rc.read.1.tlog
C:\Users\Utilisateur\Documents\Visual Studio 2010\Projects\PilotageBancaire\Computations\Debug\rc.write.1.tlog
C:\Users\Utilisateur\Documents\Visual Studio 2010\Projects\PilotageBancaire\Computations\Debug\vc100.idb
C:\USERS\UTILISATEUR\DOCUMENTS\VISUAL STUDIO 2010\PROJECTS\PILOTAGEBANCAIRE\COMPUTATIONS\DEBUG\VC100.PDB
C:\USERS\UTILISATEUR\DOCUMENTS\VISUAL STUDIO 2010\PROJECTS\PILOTAGEBANCAIRE\DEBUG\COMPUTATIONS.DLL
C:\Users\Utilisateur\Documents\Visual Studio 2010\Projects\PilotageBancaire\Debug\Computations.exp
C:\USERS\UTILISATEUR\DOCUMENTS\VISUAL STUDIO 2010\PROJECTS\PILOTAGEBANCAIRE\DEBUG\COMPUTATIONS.ILK
C:\Users\Utilisateur\Documents\Visual Studio 2010\Projects\PilotageBancaire\Debug\Computations.lib
C:\USERS\UTILISATEUR\DOCUMENTS\VISUAL STUDIO 2010\PROJECTS\PILOTAGEBANCAIRE\DEBUG\COMPUTATIONS.PDB
