C:\USERS\UTILISATEUR\DOCUMENTS\ENSIMAG\3A\PILOTAGE BANCAIRE\PROJET ACTUEL\PILOTAGE_BANCAIRE\PILOTAGEBANCAIRE\DEBUG\WRAPPER.DLL
C:\USERS\UTILISATEUR\DOCUMENTS\ENSIMAG\3A\PILOTAGE BANCAIRE\PROJET ACTUEL\PILOTAGE_BANCAIRE\PILOTAGEBANCAIRE\DEBUG\WRAPPER.ILK
C:\USERS\UTILISATEUR\DOCUMENTS\ENSIMAG\3A\PILOTAGE BANCAIRE\PROJET ACTUEL\PILOTAGE_BANCAIRE\PILOTAGEBANCAIRE\DEBUG\WRAPPER.PDB
C:\USERS\UTILISATEUR\DOCUMENTS\ENSIMAG\3A\PILOTAGE BANCAIRE\PROJET ACTUEL\PILOTAGE_BANCAIRE\PILOTAGEBANCAIRE\WRAPPER\DEBUG\.NETFRAMEWORK,VERSION=V4.0.ASSEMBLYATTRIBUTES.OBJ
C:\USERS\UTILISATEUR\DOCUMENTS\ENSIMAG\3A\PILOTAGE BANCAIRE\PROJET ACTUEL\PILOTAGE_BANCAIRE\PILOTAGEBANCAIRE\WRAPPER\DEBUG\APP.RES
C:\USERS\UTILISATEUR\DOCUMENTS\ENSIMAG\3A\PILOTAGE BANCAIRE\PROJET ACTUEL\PILOTAGE_BANCAIRE\PILOTAGEBANCAIRE\WRAPPER\DEBUG\ASSEMBLYINFO.OBJ
C:\Users\Utilisateur\Documents\Ensimag\3A\Pilotage Bancaire\Projet Actuel\Pilotage_Bancaire\PilotageBancaire\Wrapper\Debug\cl.command.1.tlog
C:\Users\Utilisateur\Documents\Ensimag\3A\Pilotage Bancaire\Projet Actuel\Pilotage_Bancaire\PilotageBancaire\Wrapper\Debug\CL.read.1.tlog
C:\Users\Utilisateur\Documents\Ensimag\3A\Pilotage Bancaire\Projet Actuel\Pilotage_Bancaire\PilotageBancaire\Wrapper\Debug\CL.write.1.tlog
C:\Users\Utilisateur\Documents\Ensimag\3A\Pilotage Bancaire\Projet Actuel\Pilotage_Bancaire\PilotageBancaire\Wrapper\Debug\link.12896.read.1.tlog
C:\Users\Utilisateur\Documents\Ensimag\3A\Pilotage Bancaire\Projet Actuel\Pilotage_Bancaire\PilotageBancaire\Wrapper\Debug\link.12896.write.1.tlog
C:\Users\Utilisateur\Documents\Ensimag\3A\Pilotage Bancaire\Projet Actuel\Pilotage_Bancaire\PilotageBancaire\Wrapper\Debug\link.12896-cvtres.read.1.tlog
C:\Users\Utilisateur\Documents\Ensimag\3A\Pilotage Bancaire\Projet Actuel\Pilotage_Bancaire\PilotageBancaire\Wrapper\Debug\link.12896-cvtres.write.1.tlog
C:\Users\Utilisateur\Documents\Ensimag\3A\Pilotage Bancaire\Projet Actuel\Pilotage_Bancaire\PilotageBancaire\Wrapper\Debug\link.13176.read.1.tlog
C:\Users\Utilisateur\Documents\Ensimag\3A\Pilotage Bancaire\Projet Actuel\Pilotage_Bancaire\PilotageBancaire\Wrapper\Debug\link.13176.write.1.tlog
C:\Users\Utilisateur\Documents\Ensimag\3A\Pilotage Bancaire\Projet Actuel\Pilotage_Bancaire\PilotageBancaire\Wrapper\Debug\link.13176-cvtres.read.1.tlog
C:\Users\Utilisateur\Documents\Ensimag\3A\Pilotage Bancaire\Projet Actuel\Pilotage_Bancaire\PilotageBancaire\Wrapper\Debug\link.13176-cvtres.write.1.tlog
C:\Users\Utilisateur\Documents\Ensimag\3A\Pilotage Bancaire\Projet Actuel\Pilotage_Bancaire\PilotageBancaire\Wrapper\Debug\link.6412.read.1.tlog
C:\Users\Utilisateur\Documents\Ensimag\3A\Pilotage Bancaire\Projet Actuel\Pilotage_Bancaire\PilotageBancaire\Wrapper\Debug\link.6412.write.1.tlog
C:\Users\Utilisateur\Documents\Ensimag\3A\Pilotage Bancaire\Projet Actuel\Pilotage_Bancaire\PilotageBancaire\Wrapper\Debug\link.6412-cvtres.read.1.tlog
C:\Users\Utilisateur\Documents\Ensimag\3A\Pilotage Bancaire\Projet Actuel\Pilotage_Bancaire\PilotageBancaire\Wrapper\Debug\link.6412-cvtres.write.1.tlog
C:\Users\Utilisateur\Documents\Ensimag\3A\Pilotage Bancaire\Projet Actuel\Pilotage_Bancaire\PilotageBancaire\Wrapper\Debug\link.8488.read.1.tlog
C:\Users\Utilisateur\Documents\Ensimag\3A\Pilotage Bancaire\Projet Actuel\Pilotage_Bancaire\PilotageBancaire\Wrapper\Debug\link.8488.write.1.tlog
C:\Users\Utilisateur\Documents\Ensimag\3A\Pilotage Bancaire\Projet Actuel\Pilotage_Bancaire\PilotageBancaire\Wrapper\Debug\link.8488-cvtres.read.1.tlog
C:\Users\Utilisateur\Documents\Ensimag\3A\Pilotage Bancaire\Projet Actuel\Pilotage_Bancaire\PilotageBancaire\Wrapper\Debug\link.8488-cvtres.write.1.tlog
C:\Users\Utilisateur\Documents\Ensimag\3A\Pilotage Bancaire\Projet Actuel\Pilotage_Bancaire\PilotageBancaire\Wrapper\Debug\link.command.1.tlog
C:\Users\Utilisateur\Documents\Ensimag\3A\Pilotage Bancaire\Projet Actuel\Pilotage_Bancaire\PilotageBancaire\Wrapper\Debug\link.read.1.tlog
C:\Users\Utilisateur\Documents\Ensimag\3A\Pilotage Bancaire\Projet Actuel\Pilotage_Bancaire\PilotageBancaire\Wrapper\Debug\link.write.1.tlog
C:\Users\Utilisateur\Documents\Ensimag\3A\Pilotage Bancaire\Projet Actuel\Pilotage_Bancaire\PilotageBancaire\Wrapper\Debug\mt.command.1.tlog
C:\Users\Utilisateur\Documents\Ensimag\3A\Pilotage Bancaire\Projet Actuel\Pilotage_Bancaire\PilotageBancaire\Wrapper\Debug\mt.read.1.tlog
C:\Users\Utilisateur\Documents\Ensimag\3A\Pilotage Bancaire\Projet Actuel\Pilotage_Bancaire\PilotageBancaire\Wrapper\Debug\mt.write.1.tlog
C:\Users\Utilisateur\Documents\Ensimag\3A\Pilotage Bancaire\Projet Actuel\Pilotage_Bancaire\PilotageBancaire\Wrapper\Debug\rc.command.1.tlog
C:\Users\Utilisateur\Documents\Ensimag\3A\Pilotage Bancaire\Projet Actuel\Pilotage_Bancaire\PilotageBancaire\Wrapper\Debug\rc.read.1.tlog
C:\Users\Utilisateur\Documents\Ensimag\3A\Pilotage Bancaire\Projet Actuel\Pilotage_Bancaire\PilotageBancaire\Wrapper\Debug\rc.write.1.tlog
C:\USERS\UTILISATEUR\DOCUMENTS\ENSIMAG\3A\PILOTAGE BANCAIRE\PROJET ACTUEL\PILOTAGE_BANCAIRE\PILOTAGEBANCAIRE\WRAPPER\DEBUG\STDAFX.OBJ
C:\USERS\UTILISATEUR\DOCUMENTS\ENSIMAG\3A\PILOTAGE BANCAIRE\PROJET ACTUEL\PILOTAGE_BANCAIRE\PILOTAGEBANCAIRE\WRAPPER\DEBUG\VC100.PDB
C:\USERS\UTILISATEUR\DOCUMENTS\ENSIMAG\3A\PILOTAGE BANCAIRE\PROJET ACTUEL\PILOTAGE_BANCAIRE\PILOTAGEBANCAIRE\WRAPPER\DEBUG\WRAPPER.DLL.INTERMEDIATE.MANIFEST
C:\USERS\UTILISATEUR\DOCUMENTS\ENSIMAG\3A\PILOTAGE BANCAIRE\PROJET ACTUEL\PILOTAGE_BANCAIRE\PILOTAGEBANCAIRE\WRAPPER\DEBUG\WRAPPER.OBJ
C:\USERS\UTILISATEUR\DOCUMENTS\ENSIMAG\3A\PILOTAGE BANCAIRE\PROJET ACTUEL\PILOTAGE_BANCAIRE\PILOTAGEBANCAIRE\WRAPPER\DEBUG\WRAPPER.PCH
C:\Users\Utilisateur\Documents\Ensimag\3A\Pilotage Bancaire\Projet Actuel\Pilotage_Bancaire\PilotageBancaire\Wrapper\Debug\Wrapper.write.1.tlog
