Build started 13/01/2014 23:41:43.
     1>Project "C:\Users\edouard\Documents\GitHub\Pilotage_Bancaire\PilotageBancaire\Wrapper\Wrapper.vcxproj" on node 2 (rebuild target(s)).
     1>_PrepareForClean:
         Deleting file "Debug\Wrapper.lastbuildstate".
       InitializeBuildStatus:
         Creating "Debug\Wrapper.unsuccessfulbuild" because "AlwaysCreate" was specified.
       GenerateTargetFrameworkMonikerAttribute:
       Skipping target "GenerateTargetFrameworkMonikerAttribute" because all output files are up-to-date with respect to the input files.
       ClCompile:
         C:\Program Files (x86)\Microsoft Visual Studio 10.0\VC\bin\CL.exe /c /IC:\Users\edouard\Documents\GitHub\Pilotage_Bancaire\PilotageBancaire\/Computations /AI"C:\Program Files (x86)\Reference Assemblies\Microsoft\Framework\.NETFramework\v4.0" /Zi /clr /nologo /W3 /WX- /Od /Oy- /D WIN32 /D _DEBUG /D _WINDLL /D _UNICODE /D UNICODE /EHa /MDd /GS /fp:precise /Zc:wchar_t /Zc:forScope /Yc"StdAfx.h" /Fp"Debug\Wrapper.pch" /Fo"Debug\\" /Fd"Debug\vc100.pdb" /TP /FU"C:\Program Files (x86)\Reference Assemblies\Microsoft\Framework\.NETFramework\v4.0\System.Core.dll" /FU"C:\Program Files (x86)\Reference Assemblies\Microsoft\Framework\.NETFramework\v4.0\System.Data.dll" /FU"C:\Program Files (x86)\Reference Assemblies\Microsoft\Framework\.NETFramework\v4.0\System.dll" /FU"C:\Program Files (x86)\Reference Assemblies\Microsoft\Framework\.NETFramework\v4.0\System.Xml.dll" /analyze- /errorReport:prompt Stdafx.cpp /clr:nostdlib 
         Stdafx.cpp
         C:\Program Files (x86)\Microsoft Visual Studio 10.0\VC\bin\CL.exe /c /IC:\Users\edouard\Documents\GitHub\Pilotage_Bancaire\PilotageBancaire\/Computations /AI"C:\Program Files (x86)\Reference Assemblies\Microsoft\Framework\.NETFramework\v4.0" /Zi /clr /nologo /W3 /WX- /Od /Oy- /D WIN32 /D _DEBUG /D _WINDLL /D _UNICODE /D UNICODE /EHa /MDd /GS /fp:precise /Zc:wchar_t /Zc:forScope /Yu"StdAfx.h" /Fp"Debug\Wrapper.pch" /Fo"Debug\\" /Fd"Debug\vc100.pdb" /TP /FU"C:\Program Files (x86)\Reference Assemblies\Microsoft\Framework\.NETFramework\v4.0\System.Core.dll" /FU"C:\Program Files (x86)\Reference Assemblies\Microsoft\Framework\.NETFramework\v4.0\System.Data.dll" /FU"C:\Program Files (x86)\Reference Assemblies\Microsoft\Framework\.NETFramework\v4.0\System.dll" /FU"C:\Program Files (x86)\Reference Assemblies\Microsoft\Framework\.NETFramework\v4.0\System.Xml.dll" /analyze- /errorReport:prompt AssemblyInfo.cpp Wrapper.cpp /clr:nostdlib 
         AssemblyInfo.cpp
         Wrapper.cpp
         Generating Code...
         C:\Program Files (x86)\Microsoft Visual Studio 10.0\VC\bin\CL.exe /c /IC:\Users\edouard\Documents\GitHub\Pilotage_Bancaire\PilotageBancaire\/Computations /Zi /clr /nologo /W3 /WX- /Od /Oy- /D WIN32 /D _DEBUG /D _WINDLL /D _UNICODE /D UNICODE /EHa /MDd /GS /fp:precise /Zc:wchar_t /Zc:forScope /Fo"Debug\\" /Fd"Debug\vc100.pdb" /TP /analyze- /errorReport:prompt "C:\Users\edouard\AppData\Local\Temp\.NETFramework,Version=v4.0.AssemblyAttributes.cpp"
         .NETFramework,Version=v4.0.AssemblyAttributes.cpp
       ResourceCompile:
         C:\Program Files (x86)\Microsoft SDKs\Windows\v7.0A\bin\rc.exe /D _UNICODE /D UNICODE /l"0x0409" /nologo /fo"Debug\app.res" app.rc 
       Link:
         C:\Program Files (x86)\Microsoft Visual Studio 10.0\VC\bin\link.exe /ERRORREPORT:PROMPT /OUT:"C:\Users\edouard\Documents\GitHub\Pilotage_Bancaire\PilotageBancaire\Debug\Wrapper.dll" /INCREMENTAL /NOLOGO /LIBPATH:C:\Users\edouard\Documents\GitHub\Pilotage_Bancaire\PilotageBancaire\Debug /LIBPATH:C:\Users\guillaume\Documents\GitHub\Pilotage_Bancaire\PilotageBancaire\Debug Computations.lib Delayimp.lib /DELAYLOAD:Computations.dll /MANIFEST /ManifestFile:"Debug\Wrapper.dll.intermediate.manifest" /MANIFESTUAC:"level='asInvoker' uiAccess='false'" /DEBUG /PDB:"C:\Users\edouard\Documents\GitHub\Pilotage_Bancaire\PilotageBancaire\Debug\Wrapper.pdb" /ASSEMBLYDEBUG /TLBID:1 /DYNAMICBASE /FIXED:NO /NXCOMPAT /MACHINE:X86 /DLL Debug\app.res
         Debug\AssemblyInfo.obj
         Debug\Stdafx.obj
         Debug\Wrapper.obj
         "Debug\.NETFramework,Version=v4.0.AssemblyAttributes.obj"
         C:\Users\edouard\Documents\GitHub\Pilotage_Bancaire\PilotageBancaire\Debug\Computations.lib
         Wrapper.vcxproj -> C:\Users\edouard\Documents\GitHub\Pilotage_Bancaire\PilotageBancaire\Debug\Wrapper.dll
       Manifest:
         C:\Program Files (x86)\Microsoft SDKs\Windows\v7.0A\bin\mt.exe /nologo /verbose /outputresource:"C:\Users\edouard\Documents\GitHub\Pilotage_Bancaire\PilotageBancaire\Debug\Wrapper.dll;#2" /manifest Debug\Wrapper.dll.intermediate.manifest
       FinalizeBuildStatus:
         Deleting file "Debug\Wrapper.unsuccessfulbuild".
         Touching "Debug\Wrapper.lastbuildstate".
     1>Done Building Project "C:\Users\edouard\Documents\GitHub\Pilotage_Bancaire\PilotageBancaire\Wrapper\Wrapper.vcxproj" (rebuild target(s)).

Build succeeded.

Time Elapsed 00:00:04.09
